TN:
SF:src\main\config.js
FN:8,getConfigPath
FN:24,loadConfig
FN:42,saveConfig
FN:57,getAccessToken
FN:65,saveAccessToken
FN:74,getStoreUrl
FN:82,saveStoreUrl
FN:91,clearCredentials
FN:100,getClientId
FN:108,getClientSecret
FN:116,saveOAuthCredentials
FN:126,isConfigured
FN:138,hasOAuthCredentials
FN:147,getAutoSyncSettings
FN:158,saveAutoSyncSettings
FNF:15
FNH:13
FNDA:30,getConfigPath
FNDA:26,loadConfig
FNDA:4,saveConfig
FNDA:4,getAccessToken
FNDA:1,saveAccessToken
FNDA:12,getStoreUrl
FNDA:0,saveStoreUrl
FNDA:1,clearCredentials
FNDA:3,getClientId
FNDA:3,getClientSecret
FNDA:1,saveOAuthCredentials
FNDA:2,isConfigured
FNDA:1,hasOAuthCredentials
FNDA:0,getAutoSyncSettings
FNDA:3,saveAutoSyncSettings
DA:1,1
DA:2,1
DA:3,1
DA:4,1
DA:5,1
DA:6,1
DA:7,1
DA:8,30
DA:9,30
DA:10,0
DA:11,30
DA:12,30
DA:13,30
DA:14,30
DA:15,8
DA:16,8
DA:17,30
DA:18,30
DA:19,30
DA:20,1
DA:21,1
DA:22,1
DA:23,1
DA:24,26
DA:25,26
DA:26,26
DA:27,26
DA:28,26
DA:29,21
DA:30,21
DA:31,21
DA:32,26
DA:33,0
DA:34,0
DA:35,5
DA:36,5
DA:37,5
DA:38,1
DA:39,1
DA:40,1
DA:41,1
DA:42,4
DA:43,4
DA:44,4
DA:45,4
DA:46,4
DA:47,4
DA:48,4
DA:49,0
DA:50,0
DA:51,0
DA:52,4
DA:53,1
DA:54,1
DA:55,1
DA:56,1
DA:57,4
DA:58,4
DA:59,4
DA:60,4
DA:61,1
DA:62,1
DA:63,1
DA:64,1
DA:65,1
DA:66,1
DA:67,1
DA:68,1
DA:69,1
DA:70,1
DA:71,1
DA:72,1
DA:73,1
DA:74,12
DA:75,12
DA:76,12
DA:77,12
DA:78,1
DA:79,1
DA:80,1
DA:81,1
DA:82,0
DA:83,0
DA:84,0
DA:85,0
DA:86,0
DA:87,1
DA:88,1
DA:89,1
DA:90,1
DA:91,1
DA:92,1
DA:93,1
DA:94,1
DA:95,1
DA:96,1
DA:97,1
DA:98,1
DA:99,1
DA:100,3
DA:101,3
DA:102,3
DA:103,3
DA:104,1
DA:105,1
DA:106,1
DA:107,1
DA:108,3
DA:109,3
DA:110,3
DA:111,3
DA:112,1
DA:113,1
DA:114,1
DA:115,1
DA:116,1
DA:117,1
DA:118,1
DA:119,1
DA:120,1
DA:121,1
DA:122,1
DA:123,1
DA:124,1
DA:125,1
DA:126,2
DA:127,2
DA:128,2
DA:129,2
DA:130,2
DA:131,2
DA:132,2
DA:133,2
DA:134,1
DA:135,1
DA:136,1
DA:137,1
DA:138,1
DA:139,1
DA:140,1
DA:141,1
DA:142,1
DA:143,1
DA:144,1
DA:145,1
DA:146,1
DA:147,0
DA:148,0
DA:149,0
DA:150,0
DA:151,0
DA:152,0
DA:153,0
DA:154,1
DA:155,1
DA:156,1
DA:157,1
DA:158,3
DA:159,3
DA:160,3
DA:161,3
DA:162,2
DA:163,2
DA:164,1
DA:165,1
DA:166,1
DA:167,1
DA:168,1
DA:169,1
DA:170,1
DA:171,1
DA:172,1
DA:173,1
DA:174,1
DA:175,1
DA:176,1
DA:177,1
DA:178,1
DA:179,1
DA:180,1
DA:181,1
DA:182,1
DA:183,1
DA:184,1
DA:185,1
DA:186,1
LF:186
LH:168
BRDA:8,0,0,30
BRDA:9,1,0,0
BRDA:14,2,0,8
BRDA:24,3,0,26
BRDA:28,4,0,21
BRDA:32,5,0,17
BRDA:32,6,0,0
BRDA:34,7,0,5
BRDA:42,8,0,4
BRDA:48,9,0,0
BRDA:57,10,0,4
BRDA:59,11,0,1
BRDA:65,12,0,1
BRDA:74,13,0,12
BRDA:76,14,0,1
BRDA:76,15,0,0
BRDA:91,16,0,1
BRDA:100,17,0,3
BRDA:102,18,0,1
BRDA:102,19,0,1
BRDA:108,20,0,3
BRDA:110,21,0,1
BRDA:110,22,0,1
BRDA:116,23,0,1
BRDA:126,24,0,2
BRDA:132,25,0,1
BRDA:138,26,0,1
BRDA:158,27,0,3
BRDA:161,28,0,2
BRDA:161,29,0,2
BRDA:163,30,0,1
BRF:31
BRH:27
end_of_record
TN:
SF:src\main\database.js
FN:12,sanitizeStoreUrl
FN:25,getDataPath
FN:41,getDatabasePath
FN:55,initDatabase
FN:237,getAllTasks
FN:259,getTaskByVariantId
FN:275,upsertTask
FN:302,updateMadeQuantity
FN:335,markTaskComplete
FN:353,resetTask
FN:371,updateTaskStatus
FN:389,clearAllTasks
FN:397,logSync
FN:411,getSyncHistory
FN:424,getCurrentStoreUrl
FN:431,isDatabaseReady
FN:440,upsertOrder
FN:461,upsertOrderLineItem
FN:504,getAllOrders
FN:528,getArchivedOrders
FN:544,getOrderLineItems
FN:561,getOrdersWithLineItems
FN:573,getArchivedOrdersWithLineItems
FN:587,allocateMadeQuantityToOrders
FN:666,deallocateQuantityFromOrders
FN:707,resetVariantInOrders
FN:723,updateAllOrderStatuses
FN:754,clearOrdersWithoutProgress
FN:783,getArchivedOrderIds
FN:792,getOrderIdsToSkipDuringSync
FN:804,recalculateTaskTotalsFromOrders
FN:860,archiveOrder
FN:919,unarchiveOrder
FN:983,archiveAllFulfilledOrders
FN:1004,unarchiveAllOrders
FN:1024,deleteArchivedOrders
FN:1034,upsertInventory
FN:1063,bulkUpsertInventory
FN:1099,getAllInventory
FN:1135,getInventoryStats
FN:1151,clearAllInventory
FN:1166,calculateTaskStatusImpl
FN:1180,calculateOrderStatusImpl
FN:1191,calculateTaskStatus
FN:1195,calculateOrderStatus
FN:1204,computeAllocationStepImpl
FN:1213,computeAllocationStep
FNF:47
FNH:11
FNDA:5,sanitizeStoreUrl
FNDA:2,getDataPath
FNDA:2,getDatabasePath
FNDA:2,initDatabase
FNDA:0,getAllTasks
FNDA:0,getTaskByVariantId
FNDA:1,upsertTask
FNDA:0,updateMadeQuantity
FNDA:0,markTaskComplete
FNDA:0,resetTask
FNDA:0,updateTaskStatus
FNDA:0,clearAllTasks
FNDA:0,logSync
FNDA:0,getSyncHistory
FNDA:0,getCurrentStoreUrl
FNDA:0,isDatabaseReady
FNDA:0,upsertOrder
FNDA:0,upsertOrderLineItem
FNDA:0,getAllOrders
FNDA:0,getArchivedOrders
FNDA:0,getOrderLineItems
FNDA:0,getOrdersWithLineItems
FNDA:0,getArchivedOrdersWithLineItems
FNDA:0,allocateMadeQuantityToOrders
FNDA:0,deallocateQuantityFromOrders
FNDA:0,resetVariantInOrders
FNDA:0,updateAllOrderStatuses
FNDA:0,clearOrdersWithoutProgress
FNDA:0,getArchivedOrderIds
FNDA:0,getOrderIdsToSkipDuringSync
FNDA:0,recalculateTaskTotalsFromOrders
FNDA:0,archiveOrder
FNDA:0,unarchiveOrder
FNDA:0,archiveAllFulfilledOrders
FNDA:0,unarchiveAllOrders
FNDA:0,deleteArchivedOrders
FNDA:0,upsertInventory
FNDA:0,bulkUpsertInventory
FNDA:0,getAllInventory
FNDA:0,getInventoryStats
FNDA:0,clearAllInventory
FNDA:46,calculateTaskStatusImpl
FNDA:44,calculateOrderStatusImpl
FNDA:46,calculateTaskStatus
FNDA:44,calculateOrderStatus
FNDA:23,computeAllocationStepImpl
FNDA:23,computeAllocationStep
DA:1,1
DA:2,1
DA:3,1
DA:4,1
DA:5,1
DA:6,1
DA:7,1
DA:8,1
DA:9,1
DA:10,1
DA:11,1
DA:12,5
DA:13,5
DA:14,4
DA:15,4
DA:16,4
DA:17,4
DA:18,4
DA:19,4
DA:20,4
DA:21,1
DA:22,1
DA:23,1
DA:24,1
DA:25,2
DA:26,2
DA:27,0
DA:28,2
DA:29,2
DA:30,2
DA:31,2
DA:32,0
DA:33,0
DA:34,2
DA:35,2
DA:36,2
DA:37,1
DA:38,1
DA:39,1
DA:40,1
DA:41,2
DA:42,2
DA:43,2
DA:44,2
DA:45,2
DA:46,1
DA:47,1
DA:48,1
DA:49,1
DA:50,1
DA:51,1
DA:52,1
DA:53,1
DA:54,1
DA:55,2
DA:56,2
DA:57,2
DA:58,0
DA:59,0
DA:60,0
DA:61,0
DA:62,2
DA:63,2
DA:64,2
DA:65,0
DA:66,0
DA:67,0
DA:68,2
DA:69,2
DA:70,2
DA:71,2
DA:72,1
DA:73,1
DA:74,1
DA:75,1
DA:76,1
DA:77,1
DA:78,1
DA:79,1
DA:80,1
DA:81,1
DA:82,1
DA:83,1
DA:84,1
DA:85,1
DA:86,1
DA:87,1
DA:88,1
DA:89,1
DA:90,1
DA:91,1
DA:92,1
DA:93,1
DA:94,1
DA:95,1
DA:96,1
DA:97,1
DA:98,1
DA:99,1
DA:100,1
DA:101,1
DA:102,1
DA:103,1
DA:104,1
DA:105,1
DA:106,1
DA:107,1
DA:108,1
DA:109,1
DA:110,1
DA:111,1
DA:112,1
DA:113,1
DA:114,1
DA:115,1
DA:116,1
DA:117,1
DA:118,1
DA:119,1
DA:120,1
DA:121,1
DA:122,1
DA:123,1
DA:124,2
DA:125,0
DA:126,0
DA:127,0
DA:128,0
DA:129,0
DA:130,0
DA:131,0
DA:132,0
DA:133,0
DA:134,0
DA:135,0
DA:136,0
DA:137,0
DA:138,0
DA:139,0
DA:140,0
DA:141,0
DA:142,0
DA:143,0
DA:144,0
DA:145,0
DA:146,0
DA:147,0
DA:148,0
DA:149,0
DA:150,0
DA:151,0
DA:152,0
DA:153,0
DA:154,0
DA:155,0
DA:156,0
DA:157,0
DA:158,2
DA:159,0
DA:160,0
DA:161,0
DA:162,0
DA:163,0
DA:164,0
DA:165,0
DA:166,0
DA:167,0
DA:168,0
DA:169,0
DA:170,0
DA:171,0
DA:172,0
DA:173,0
DA:174,0
DA:175,0
DA:176,0
DA:177,0
DA:178,0
DA:179,0
DA:180,0
DA:181,0
DA:182,0
DA:183,0
DA:184,0
DA:185,0
DA:186,0
DA:187,0
DA:188,0
DA:189,0
DA:190,0
DA:191,0
DA:192,0
DA:193,0
DA:194,0
DA:195,0
DA:196,0
DA:197,0
DA:198,0
DA:199,0
DA:200,0
DA:201,0
DA:202,0
DA:203,0
DA:204,0
DA:205,0
DA:206,0
DA:207,0
DA:208,0
DA:209,0
DA:210,0
DA:211,0
DA:212,0
DA:213,0
DA:214,0
DA:215,0
DA:216,0
DA:217,0
DA:218,0
DA:219,0
DA:220,0
DA:221,0
DA:222,0
DA:223,0
DA:224,0
DA:225,0
DA:226,0
DA:227,0
DA:228,0
DA:229,0
DA:230,0
DA:231,0
DA:232,0
DA:233,1
DA:234,1
DA:235,1
DA:236,1
DA:237,0
DA:238,0
DA:239,0
DA:240,0
DA:241,0
DA:242,0
DA:243,0
DA:244,0
DA:245,0
DA:246,0
DA:247,0
DA:248,0
DA:249,0
DA:250,0
DA:251,0
DA:252,0
DA:253,0
DA:254,0
DA:255,1
DA:256,1
DA:257,1
DA:258,1
DA:259,0
DA:260,0
DA:261,0
DA:262,0
DA:263,0
DA:264,0
DA:265,0
DA:266,0
DA:267,0
DA:268,0
DA:269,0
DA:270,1
DA:271,1
DA:272,1
DA:273,1
DA:274,1
DA:275,1
DA:276,1
DA:277,1
DA:278,1
DA:279,1
DA:280,1
DA:281,1
DA:282,1
DA:283,1
DA:284,1
DA:285,1
DA:286,1
DA:287,1
DA:288,1
DA:289,1
DA:290,1
DA:291,1
DA:292,1
DA:293,1
DA:294,1
DA:295,1
DA:296,1
DA:297,1
DA:298,1
DA:299,1
DA:300,1
DA:301,1
DA:302,0
DA:303,0
DA:304,0
DA:305,0
DA:306,0
DA:307,0
DA:308,0
DA:309,0
DA:310,0
DA:311,0
DA:312,0
DA:313,0
DA:314,0
DA:315,0
DA:316,0
DA:317,0
DA:318,0
DA:319,0
DA:320,0
DA:321,0
DA:322,0
DA:323,0
DA:324,0
DA:325,0
DA:326,0
DA:327,0
DA:328,0
DA:329,0
DA:330,0
DA:331,1
DA:332,1
DA:333,1
DA:334,1
DA:335,0
DA:336,0
DA:337,0
DA:338,0
DA:339,0
DA:340,0
DA:341,0
DA:342,0
DA:343,0
DA:344,0
DA:345,0
DA:346,0
DA:347,0
DA:348,0
DA:349,1
DA:350,1
DA:351,1
DA:352,1
DA:353,0
DA:354,0
DA:355,0
DA:356,0
DA:357,0
DA:358,0
DA:359,0
DA:360,0
DA:361,0
DA:362,0
DA:363,0
DA:364,0
DA:365,0
DA:366,0
DA:367,1
DA:368,1
DA:369,1
DA:370,1
DA:371,0
DA:372,0
DA:373,0
DA:374,0
DA:375,0
DA:376,0
DA:377,0
DA:378,0
DA:379,0
DA:380,0
DA:381,0
DA:382,0
DA:383,0
DA:384,0
DA:385,1
DA:386,1
DA:387,1
DA:388,1
DA:389,0
DA:390,0
DA:391,0
DA:392,0
DA:393,1
DA:394,1
DA:395,1
DA:396,1
DA:397,0
DA:398,0
DA:399,0
DA:400,0
DA:401,0
DA:402,0
DA:403,0
DA:404,0
DA:405,0
DA:406,0
DA:407,1
DA:408,1
DA:409,1
DA:410,1
DA:411,0
DA:412,0
DA:413,0
DA:414,0
DA:415,0
DA:416,0
DA:417,0
DA:418,0
DA:419,0
DA:420,1
DA:421,1
DA:422,1
DA:423,1
DA:424,0
DA:425,0
DA:426,0
DA:427,1
DA:428,1
DA:429,1
DA:430,1
DA:431,0
DA:432,0
DA:433,0
DA:434,1
DA:435,1
DA:436,1
DA:437,1
DA:438,1
DA:439,1
DA:440,0
DA:441,0
DA:442,0
DA:443,0
DA:444,0
DA:445,0
DA:446,0
DA:447,0
DA:448,0
DA:449,0
DA:450,0
DA:451,0
DA:452,0
DA:453,0
DA:454,0
DA:455,0
DA:456,1
DA:457,1
DA:458,1
DA:459,1
DA:460,1
DA:461,0
DA:462,0
DA:463,0
DA:464,0
DA:465,0
DA:466,0
DA:467,0
DA:468,0
DA:469,0
DA:470,0
DA:471,0
DA:472,0
DA:473,0
DA:474,0
DA:475,0
DA:476,0
DA:477,0
DA:478,0
DA:479,0
DA:480,0
DA:481,0
DA:482,0
DA:483,0
DA:484,0
DA:485,0
DA:486,0
DA:487,0
DA:488,0
DA:489,0
DA:490,0
DA:491,0
DA:492,0
DA:493,0
DA:494,0
DA:495,0
DA:496,0
DA:497,0
DA:498,0
DA:499,1
DA:500,1
DA:501,1
DA:502,1
DA:503,1
DA:504,0
DA:505,0
DA:506,0
DA:507,0
DA:508,0
DA:509,0
DA:510,0
DA:511,0
DA:512,0
DA:513,0
DA:514,0
DA:515,0
DA:516,0
DA:517,0
DA:518,0
DA:519,0
DA:520,0
DA:521,0
DA:522,0
DA:523,0
DA:524,1
DA:525,1
DA:526,1
DA:527,1
DA:528,0
DA:529,0
DA:530,0
DA:531,0
DA:532,0
DA:533,0
DA:534,0
DA:535,0
DA:536,0
DA:537,0
DA:538,0
DA:539,0
DA:540,1
DA:541,1
DA:542,1
DA:543,1
DA:544,0
DA:545,0
DA:546,0
DA:547,0
DA:548,0
DA:549,0
DA:550,0
DA:551,0
DA:552,0
DA:553,0
DA:554,0
DA:555,0
DA:556,1
DA:557,1
DA:558,1
DA:559,1
DA:560,1
DA:561,0
DA:562,0
DA:563,0
DA:564,0
DA:565,0
DA:566,0
DA:567,0
DA:568,0
DA:569,1
DA:570,1
DA:571,1
DA:572,1
DA:573,0
DA:574,0
DA:575,0
DA:576,0
DA:577,0
DA:578,0
DA:579,0
DA:580,0
DA:581,1
DA:582,1
DA:583,1
DA:584,1
DA:585,1
DA:586,1
DA:587,0
DA:588,0
DA:589,0
DA:590,0
DA:591,0
DA:592,0
DA:593,0
DA:594,0
DA:595,0
DA:596,0
DA:597,0
DA:598,0
DA:599,0
DA:600,0
DA:601,0
DA:602,0
DA:603,0
DA:604,0
DA:605,0
DA:606,0
DA:607,0
DA:608,0
DA:609,0
DA:610,0
DA:611,0
DA:612,0
DA:613,0
DA:614,0
DA:615,0
DA:616,0
DA:617,0
DA:618,0
DA:619,0
DA:620,0
DA:621,0
DA:622,0
DA:623,0
DA:624,0
DA:625,0
DA:626,0
DA:627,0
DA:628,0
DA:629,0
DA:630,0
DA:631,0
DA:632,0
DA:633,0
DA:634,0
DA:635,0
DA:636,0
DA:637,0
DA:638,0
DA:639,0
DA:640,0
DA:641,0
DA:642,0
DA:643,0
DA:644,0
DA:645,0
DA:646,0
DA:647,0
DA:648,0
DA:649,0
DA:650,0
DA:651,0
DA:652,0
DA:653,0
DA:654,0
DA:655,0
DA:656,0
DA:657,0
DA:658,0
DA:659,0
DA:660,0
DA:661,1
DA:662,1
DA:663,1
DA:664,1
DA:665,1
DA:666,0
DA:667,0
DA:668,0
DA:669,0
DA:670,0
DA:671,0
DA:672,0
DA:673,0
DA:674,0
DA:675,0
DA:676,0
DA:677,0
DA:678,0
DA:679,0
DA:680,0
DA:681,0
DA:682,0
DA:683,0
DA:684,0
DA:685,0
DA:686,0
DA:687,0
DA:688,0
DA:689,0
DA:690,0
DA:691,0
DA:692,0
DA:693,0
DA:694,0
DA:695,0
DA:696,0
DA:697,0
DA:698,0
DA:699,0
DA:700,0
DA:701,0
DA:702,0
DA:703,1
DA:704,1
DA:705,1
DA:706,1
DA:707,0
DA:708,0
DA:709,0
DA:710,0
DA:711,0
DA:712,0
DA:713,0
DA:714,0
DA:715,0
DA:716,0
DA:717,0
DA:718,1
DA:719,1
DA:720,1
DA:721,1
DA:722,1
DA:723,0
DA:724,0
DA:725,0
DA:726,0
DA:727,0
DA:728,0
DA:729,0
DA:730,0
DA:731,0
DA:732,0
DA:733,0
DA:734,0
DA:735,0
DA:736,0
DA:737,0
DA:738,0
DA:739,0
DA:740,0
DA:741,0
DA:742,0
DA:743,0
DA:744,0
DA:745,0
DA:746,0
DA:747,0
DA:748,1
DA:749,1
DA:750,1
DA:751,1
DA:752,1
DA:753,1
DA:754,0
DA:755,0
DA:756,0
DA:757,0
DA:758,0
DA:759,0
DA:760,0
DA:761,0
DA:762,0
DA:763,0
DA:764,0
DA:765,0
DA:766,0
DA:767,0
DA:768,0
DA:769,0
DA:770,0
DA:771,0
DA:772,0
DA:773,0
DA:774,0
DA:775,0
DA:776,0
DA:777,0
DA:778,0
DA:779,1
DA:780,1
DA:781,1
DA:782,1
DA:783,0
DA:784,0
DA:785,0
DA:786,0
DA:787,1
DA:788,1
DA:789,1
DA:790,1
DA:791,1
DA:792,0
DA:793,0
DA:794,0
DA:795,0
DA:796,0
DA:797,0
DA:798,0
DA:799,1
DA:800,1
DA:801,1
DA:802,1
DA:803,1
DA:804,0
DA:805,0
DA:806,0
DA:807,0
DA:808,0
DA:809,0
DA:810,0
DA:811,0
DA:812,0
DA:813,0
DA:814,0
DA:815,0
DA:816,0
DA:817,0
DA:818,0
DA:819,0
DA:820,0
DA:821,0
DA:822,0
DA:823,0
DA:824,0
DA:825,0
DA:826,0
DA:827,0
DA:828,0
DA:829,0
DA:830,0
DA:831,0
DA:832,0
DA:833,0
DA:834,0
DA:835,0
DA:836,0
DA:837,0
DA:838,0
DA:839,0
DA:840,0
DA:841,0
DA:842,0
DA:843,0
DA:844,0
DA:845,0
DA:846,0
DA:847,0
DA:848,0
DA:849,0
DA:850,0
DA:851,0
DA:852,0
DA:853,0
DA:854,0
DA:855,1
DA:856,1
DA:857,1
DA:858,1
DA:859,1
DA:860,0
DA:861,0
DA:862,0
DA:863,0
DA:864,0
DA:865,0
DA:866,0
DA:867,0
DA:868,0
DA:869,0
DA:870,0
DA:871,0
DA:872,0
DA:873,0
DA:874,0
DA:875,0
DA:876,0
DA:877,0
DA:878,0
DA:879,0
DA:880,0
DA:881,0
DA:882,0
DA:883,0
DA:884,0
DA:885,0
DA:886,0
DA:887,0
DA:888,0
DA:889,0
DA:890,0
DA:891,0
DA:892,0
DA:893,0
DA:894,0
DA:895,0
DA:896,0
DA:897,0
DA:898,0
DA:899,0
DA:900,0
DA:901,0
DA:902,0
DA:903,0
DA:904,0
DA:905,0
DA:906,0
DA:907,0
DA:908,0
DA:909,0
DA:910,0
DA:911,0
DA:912,0
DA:913,0
DA:914,1
DA:915,1
DA:916,1
DA:917,1
DA:918,1
DA:919,0
DA:920,0
DA:921,0
DA:922,0
DA:923,0
DA:924,0
DA:925,0
DA:926,0
DA:927,0
DA:928,0
DA:929,0
DA:930,0
DA:931,0
DA:932,0
DA:933,0
DA:934,0
DA:935,0
DA:936,0
DA:937,0
DA:938,0
DA:939,0
DA:940,0
DA:941,0
DA:942,0
DA:943,0
DA:944,0
DA:945,0
DA:946,0
DA:947,0
DA:948,0
DA:949,0
DA:950,0
DA:951,0
DA:952,0
DA:953,0
DA:954,0
DA:955,0
DA:956,0
DA:957,0
DA:958,0
DA:959,0
DA:960,0
DA:961,0
DA:962,0
DA:963,0
DA:964,0
DA:965,0
DA:966,0
DA:967,0
DA:968,0
DA:969,0
DA:970,0
DA:971,0
DA:972,0
DA:973,0
DA:974,0
DA:975,0
DA:976,0
DA:977,0
DA:978,0
DA:979,1
DA:980,1
DA:981,1
DA:982,1
DA:983,0
DA:984,0
DA:985,0
DA:986,0
DA:987,0
DA:988,0
DA:989,0
DA:990,0
DA:991,0
DA:992,0
DA:993,0
DA:994,0
DA:995,0
DA:996,0
DA:997,0
DA:998,0
DA:999,0
DA:1000,1
DA:1001,1
DA:1002,1
DA:1003,1
DA:1004,0
DA:1005,0
DA:1006,0
DA:1007,0
DA:1008,0
DA:1009,0
DA:1010,0
DA:1011,0
DA:1012,0
DA:1013,0
DA:1014,0
DA:1015,0
DA:1016,0
DA:1017,0
DA:1018,0
DA:1019,0
DA:1020,1
DA:1021,1
DA:1022,1
DA:1023,1
DA:1024,0
DA:1025,0
DA:1026,0
DA:1027,0
DA:1028,0
DA:1029,0
DA:1030,1
DA:1031,1
DA:1032,1
DA:1033,1
DA:1034,0
DA:1035,0
DA:1036,0
DA:1037,0
DA:1038,0
DA:1039,0
DA:1040,0
DA:1041,0
DA:1042,0
DA:1043,0
DA:1044,0
DA:1045,0
DA:1046,0
DA:1047,0
DA:1048,0
DA:1049,0
DA:1050,0
DA:1051,0
DA:1052,0
DA:1053,0
DA:1054,0
DA:1055,0
DA:1056,0
DA:1057,0
DA:1058,0
DA:1059,1
DA:1060,1
DA:1061,1
DA:1062,1
DA:1063,0
DA:1064,0
DA:1065,0
DA:1066,0
DA:1067,0
DA:1068,0
DA:1069,0
DA:1070,0
DA:1071,0
DA:1072,0
DA:1073,0
DA:1074,0
DA:1075,0
DA:1076,0
DA:1077,0
DA:1078,0
DA:1079,0
DA:1080,0
DA:1081,0
DA:1082,0
DA:1083,0
DA:1084,0
DA:1085,0
DA:1086,0
DA:1087,0
DA:1088,0
DA:1089,0
DA:1090,0
DA:1091,0
DA:1092,0
DA:1093,0
DA:1094,0
DA:1095,1
DA:1096,1
DA:1097,1
DA:1098,1
DA:1099,0
DA:1100,0
DA:1101,0
DA:1102,0
DA:1103,0
DA:1104,0
DA:1105,0
DA:1106,0
DA:1107,0
DA:1108,0
DA:1109,0
DA:1110,0
DA:1111,0
DA:1112,0
DA:1113,0
DA:1114,0
DA:1115,0
DA:1116,0
DA:1117,0
DA:1118,0
DA:1119,0
DA:1120,0
DA:1121,0
DA:1122,0
DA:1123,0
DA:1124,0
DA:1125,0
DA:1126,0
DA:1127,0
DA:1128,0
DA:1129,0
DA:1130,0
DA:1131,1
DA:1132,1
DA:1133,1
DA:1134,1
DA:1135,0
DA:1136,0
DA:1137,0
DA:1138,0
DA:1139,0
DA:1140,0
DA:1141,0
DA:1142,0
DA:1143,0
DA:1144,0
DA:1145,0
DA:1146,0
DA:1147,1
DA:1148,1
DA:1149,1
DA:1150,1
DA:1151,0
DA:1152,0
DA:1153,0
DA:1154,0
DA:1155,1
DA:1156,1
DA:1157,1
DA:1158,1
DA:1159,1
DA:1160,1
DA:1161,1
DA:1162,1
DA:1163,1
DA:1164,1
DA:1165,1
DA:1166,46
DA:1167,46
DA:1168,46
DA:1169,46
DA:1170,46
DA:1171,46
DA:1172,43
DA:1173,10
DA:1174,10
DA:1175,1
DA:1176,1
DA:1177,1
DA:1178,1
DA:1179,1
DA:1180,44
DA:1181,44
DA:1182,44
DA:1183,44
DA:1184,44
DA:1185,44
DA:1186,44
DA:1187,15
DA:1188,15
DA:1189,1
DA:1190,1
DA:1191,46
DA:1192,46
DA:1193,46
DA:1194,1
DA:1195,44
DA:1196,44
DA:1197,44
DA:1198,1
DA:1199,1
DA:1200,1
DA:1201,1
DA:1202,1
DA:1203,1
DA:1204,23
DA:1205,23
DA:1206,23
DA:1207,23
DA:1208,23
DA:1209,23
DA:1210,23
DA:1211,23
DA:1212,1
DA:1213,23
DA:1214,23
DA:1215,23
DA:1216,1
DA:1217,1
DA:1218,1
DA:1219,1
DA:1220,1
DA:1221,1
DA:1222,1
DA:1223,1
DA:1224,1
DA:1225,1
DA:1226,1
DA:1227,1
DA:1228,1
DA:1229,1
DA:1230,1
DA:1231,1
DA:1232,1
DA:1233,1
DA:1234,1
DA:1235,1
DA:1236,1
DA:1237,1
DA:1238,1
DA:1239,1
DA:1240,1
DA:1241,1
DA:1242,1
DA:1243,1
DA:1244,1
DA:1245,1
DA:1246,1
DA:1247,1
DA:1248,1
DA:1249,1
DA:1250,1
DA:1251,1
DA:1252,1
DA:1253,1
DA:1254,1
DA:1255,1
DA:1256,1
DA:1257,1
DA:1258,1
DA:1259,1
DA:1260,1
DA:1261,1
DA:1262,1
DA:1263,1
DA:1264,1
DA:1265,1
DA:1266,1
LF:1266
LH:414
BRDA:12,0,0,5
BRDA:13,1,0,1
BRDA:13,2,0,4
BRDA:25,3,0,2
BRDA:26,4,0,0
BRDA:31,5,0,0
BRDA:41,6,0,2
BRDA:55,7,0,2
BRDA:57,8,0,0
BRDA:57,9,0,0
BRDA:57,10,0,0
BRDA:64,11,0,0
BRDA:64,12,0,0
BRDA:71,13,0,1
BRDA:124,14,0,0
BRDA:124,15,0,0
BRDA:124,16,0,0
BRDA:158,17,0,0
BRDA:275,18,0,1
BRDA:291,19,0,0
BRDA:1166,20,0,46
BRDA:1167,21,0,15
BRDA:1168,22,0,4
BRDA:1170,23,0,5
BRDA:1170,24,0,41
BRDA:1171,25,0,13
BRDA:1171,26,0,43
BRDA:1171,27,0,28
BRDA:1172,28,0,18
BRDA:1172,29,0,10
BRDA:1180,30,0,44
BRDA:1181,31,0,5
BRDA:1182,32,0,3
BRDA:1184,33,0,3
BRDA:1184,34,0,41
BRDA:1185,35,0,5
BRDA:1185,36,0,36
BRDA:1186,37,0,32
BRDA:1186,38,0,21
BRDA:1186,39,0,15
BRDA:1191,40,0,46
BRDA:1195,41,0,44
BRDA:1204,42,0,23
BRDA:1205,43,0,1
BRDA:1206,44,0,13
BRDA:1207,45,0,1
BRDA:1213,46,0,23
BRF:47
BRH:35
end_of_record
TN:
SF:src\main\shopify-api.js
FN:244,ShopifyClient
FN:259,query
FN:292,fetchAllUnfulfilledOrders
FN:335,aggregateByVariant
FN:342,extractOrdersForStorage
FN:355,fetchAndAggregate
FN:377,fetchAllProductsWithInventory
FN:420,extractInventoryForStorage
FN:427,fetchInventory
FN:444,sleep
FN:456,fetchOpenFulfillmentOrders
FN:498,fetchRecentlyClosedFulfillmentOrders
FN:552,aggregateByVariantFromFulfillmentOrders
FN:564,extractOrdersForStorageFromFulfillmentOrders
FN:574,extractFulfilledOrdersForStorageFromFulfillmentOrders
FN:582,fetchAndAggregateModern
FN:603,fetchFulfilledOrdersForReconciliation
FN:620,aggregateByVariantFromFulfillmentOrdersImpl
FN:657,extractOrdersForStorageFromFulfillmentOrdersImpl
FN:715,extractInventoryForStorageImpl
FN:752,aggregateByVariantImpl
FN:798,extractOrdersForStorageImpl
FN:859,extractFulfilledOrdersForStorageFromFulfillmentOrdersImpl
FNF:23
FNH:6
FNDA:0,ShopifyClient
FNDA:0,query
FNDA:0,fetchAllUnfulfilledOrders
FNDA:0,aggregateByVariant
FNDA:0,extractOrdersForStorage
FNDA:0,fetchAndAggregate
FNDA:0,fetchAllProductsWithInventory
FNDA:0,extractInventoryForStorage
FNDA:0,fetchInventory
FNDA:0,sleep
FNDA:0,fetchOpenFulfillmentOrders
FNDA:0,fetchRecentlyClosedFulfillmentOrders
FNDA:0,aggregateByVariantFromFulfillmentOrders
FNDA:0,extractOrdersForStorageFromFulfillmentOrders
FNDA:0,extractFulfilledOrdersForStorageFromFulfillmentOrders
FNDA:0,fetchAndAggregateModern
FNDA:0,fetchFulfilledOrdersForReconciliation
FNDA:16,aggregateByVariantFromFulfillmentOrdersImpl
FNDA:11,extractOrdersForStorageFromFulfillmentOrdersImpl
FNDA:11,extractInventoryForStorageImpl
FNDA:7,aggregateByVariantImpl
FNDA:7,extractOrdersForStorageImpl
FNDA:15,extractFulfilledOrdersForStorageFromFulfillmentOrdersImpl
DA:1,1
DA:2,1
DA:3,1
DA:4,1
DA:5,1
DA:6,1
DA:7,1
DA:8,1
DA:9,1
DA:10,1
DA:11,1
DA:12,1
DA:13,1
DA:14,1
DA:15,1
DA:16,1
DA:17,1
DA:18,1
DA:19,1
DA:20,1
DA:21,1
DA:22,1
DA:23,1
DA:24,1
DA:25,1
DA:26,1
DA:27,1
DA:28,1
DA:29,1
DA:30,1
DA:31,1
DA:32,1
DA:33,1
DA:34,1
DA:35,1
DA:36,1
DA:37,1
DA:38,1
DA:39,1
DA:40,1
DA:41,1
DA:42,1
DA:43,1
DA:44,1
DA:45,1
DA:46,1
DA:47,1
DA:48,1
DA:49,1
DA:50,1
DA:51,1
DA:52,1
DA:53,1
DA:54,1
DA:55,1
DA:56,1
DA:57,1
DA:58,1
DA:59,1
DA:60,1
DA:61,1
DA:62,1
DA:63,1
DA:64,1
DA:65,1
DA:66,1
DA:67,1
DA:68,1
DA:69,1
DA:70,1
DA:71,1
DA:72,1
DA:73,1
DA:74,1
DA:75,1
DA:76,1
DA:77,1
DA:78,1
DA:79,1
DA:80,1
DA:81,1
DA:82,1
DA:83,1
DA:84,1
DA:85,1
DA:86,1
DA:87,1
DA:88,1
DA:89,1
DA:90,1
DA:91,1
DA:92,1
DA:93,1
DA:94,1
DA:95,1
DA:96,1
DA:97,1
DA:98,1
DA:99,1
DA:100,1
DA:101,1
DA:102,1
DA:103,1
DA:104,1
DA:105,1
DA:106,1
DA:107,1
DA:108,1
DA:109,1
DA:110,1
DA:111,1
DA:112,1
DA:113,1
DA:114,1
DA:115,1
DA:116,1
DA:117,1
DA:118,1
DA:119,1
DA:120,1
DA:121,1
DA:122,1
DA:123,1
DA:124,1
DA:125,1
DA:126,1
DA:127,1
DA:128,1
DA:129,1
DA:130,1
DA:131,1
DA:132,1
DA:133,1
DA:134,1
DA:135,1
DA:136,1
DA:137,1
DA:138,1
DA:139,1
DA:140,1
DA:141,1
DA:142,1
DA:143,1
DA:144,1
DA:145,1
DA:146,1
DA:147,1
DA:148,1
DA:149,1
DA:150,1
DA:151,1
DA:152,1
DA:153,1
DA:154,1
DA:155,1
DA:156,1
DA:157,1
DA:158,1
DA:159,1
DA:160,1
DA:161,1
DA:162,1
DA:163,1
DA:164,1
DA:165,1
DA:166,1
DA:167,1
DA:168,1
DA:169,1
DA:170,1
DA:171,1
DA:172,1
DA:173,1
DA:174,1
DA:175,1
DA:176,1
DA:177,1
DA:178,1
DA:179,1
DA:180,1
DA:181,1
DA:182,1
DA:183,1
DA:184,1
DA:185,1
DA:186,1
DA:187,1
DA:188,1
DA:189,1
DA:190,1
DA:191,1
DA:192,1
DA:193,1
DA:194,1
DA:195,1
DA:196,1
DA:197,1
DA:198,1
DA:199,1
DA:200,1
DA:201,1
DA:202,1
DA:203,1
DA:204,1
DA:205,1
DA:206,1
DA:207,1
DA:208,1
DA:209,1
DA:210,1
DA:211,1
DA:212,1
DA:213,1
DA:214,1
DA:215,1
DA:216,1
DA:217,1
DA:218,1
DA:219,1
DA:220,1
DA:221,1
DA:222,1
DA:223,1
DA:224,1
DA:225,1
DA:226,1
DA:227,1
DA:228,1
DA:229,1
DA:230,1
DA:231,1
DA:232,1
DA:233,1
DA:234,1
DA:235,1
DA:236,1
DA:237,1
DA:238,1
DA:239,1
DA:240,1
DA:241,1
DA:242,1
DA:243,1
DA:244,1
DA:245,0
DA:246,0
DA:247,0
DA:248,0
DA:249,0
DA:250,0
DA:251,0
DA:252,0
DA:253,0
DA:254,0
DA:255,1
DA:256,1
DA:257,1
DA:258,1
DA:259,1
DA:260,0
DA:261,0
DA:262,0
DA:263,0
DA:264,0
DA:265,0
DA:266,0
DA:267,0
DA:268,0
DA:269,0
DA:270,0
DA:271,0
DA:272,0
DA:273,0
DA:274,0
DA:275,0
DA:276,0
DA:277,0
DA:278,0
DA:279,0
DA:280,0
DA:281,0
DA:282,0
DA:283,0
DA:284,0
DA:285,0
DA:286,0
DA:287,0
DA:288,1
DA:289,1
DA:290,1
DA:291,1
DA:292,1
DA:293,0
DA:294,0
DA:295,0
DA:296,0
DA:297,0
DA:298,0
DA:299,0
DA:300,0
DA:301,0
DA:302,0
DA:303,0
DA:304,0
DA:305,0
DA:306,0
DA:307,0
DA:308,0
DA:309,0
DA:310,0
DA:311,0
DA:312,0
DA:313,0
DA:314,0
DA:315,0
DA:316,0
DA:317,0
DA:318,0
DA:319,0
DA:320,0
DA:321,0
DA:322,0
DA:323,0
DA:324,0
DA:325,0
DA:326,0
DA:327,0
DA:328,0
DA:329,0
DA:330,0
DA:331,1
DA:332,1
DA:333,1
DA:334,1
DA:335,1
DA:336,0
DA:337,0
DA:338,1
DA:339,1
DA:340,1
DA:341,1
DA:342,1
DA:343,0
DA:344,0
DA:345,1
DA:346,1
DA:347,1
DA:348,1
DA:349,1
DA:350,1
DA:351,1
DA:352,1
DA:353,1
DA:354,1
DA:355,1
DA:356,0
DA:357,0
DA:358,0
DA:359,0
DA:360,0
DA:361,0
DA:362,0
DA:363,0
DA:364,0
DA:365,0
DA:366,0
DA:367,0
DA:368,0
DA:369,0
DA:370,0
DA:371,0
DA:372,0
DA:373,1
DA:374,1
DA:375,1
DA:376,1
DA:377,1
DA:378,0
DA:379,0
DA:380,0
DA:381,0
DA:382,0
DA:383,0
DA:384,0
DA:385,0
DA:386,0
DA:387,0
DA:388,0
DA:389,0
DA:390,0
DA:391,0
DA:392,0
DA:393,0
DA:394,0
DA:395,0
DA:396,0
DA:397,0
DA:398,0
DA:399,0
DA:400,0
DA:401,0
DA:402,0
DA:403,0
DA:404,0
DA:405,0
DA:406,0
DA:407,0
DA:408,0
DA:409,0
DA:410,0
DA:411,0
DA:412,0
DA:413,0
DA:414,0
DA:415,0
DA:416,1
DA:417,1
DA:418,1
DA:419,1
DA:420,1
DA:421,0
DA:422,0
DA:423,1
DA:424,1
DA:425,1
DA:426,1
DA:427,1
DA:428,0
DA:429,0
DA:430,0
DA:431,0
DA:432,0
DA:433,0
DA:434,0
DA:435,0
DA:436,0
DA:437,0
DA:438,0
DA:439,0
DA:440,1
DA:441,1
DA:442,1
DA:443,1
DA:444,1
DA:445,0
DA:446,0
DA:447,1
DA:448,1
DA:449,1
DA:450,1
DA:451,1
DA:452,1
DA:453,1
DA:454,1
DA:455,1
DA:456,1
DA:457,0
DA:458,0
DA:459,0
DA:460,0
DA:461,0
DA:462,0
DA:463,0
DA:464,0
DA:465,0
DA:466,0
DA:467,0
DA:468,0
DA:469,0
DA:470,0
DA:471,0
DA:472,0
DA:473,0
DA:474,0
DA:475,0
DA:476,0
DA:477,0
DA:478,0
DA:479,0
DA:480,0
DA:481,0
DA:482,0
DA:483,0
DA:484,0
DA:485,0
DA:486,0
DA:487,0
DA:488,0
DA:489,0
DA:490,0
DA:491,0
DA:492,1
DA:493,1
DA:494,1
DA:495,1
DA:496,1
DA:497,1
DA:498,1
DA:499,0
DA:500,0
DA:501,0
DA:502,0
DA:503,0
DA:504,0
DA:505,0
DA:506,0
DA:507,0
DA:508,0
DA:509,0
DA:510,0
DA:511,0
DA:512,0
DA:513,0
DA:514,0
DA:515,0
DA:516,0
DA:517,0
DA:518,0
DA:519,0
DA:520,0
DA:521,0
DA:522,0
DA:523,0
DA:524,0
DA:525,0
DA:526,0
DA:527,0
DA:528,0
DA:529,0
DA:530,0
DA:531,0
DA:532,0
DA:533,0
DA:534,0
DA:535,0
DA:536,0
DA:537,0
DA:538,0
DA:539,0
DA:540,0
DA:541,0
DA:542,0
DA:543,0
DA:544,0
DA:545,0
DA:546,1
DA:547,1
DA:548,1
DA:549,1
DA:550,1
DA:551,1
DA:552,1
DA:553,0
DA:554,0
DA:555,1
DA:556,1
DA:557,1
DA:558,1
DA:559,1
DA:560,1
DA:561,1
DA:562,1
DA:563,1
DA:564,1
DA:565,0
DA:566,0
DA:567,1
DA:568,1
DA:569,1
DA:570,1
DA:571,1
DA:572,1
DA:573,1
DA:574,1
DA:575,0
DA:576,0
DA:577,1
DA:578,1
DA:579,1
DA:580,1
DA:581,1
DA:582,1
DA:583,0
DA:584,0
DA:585,0
DA:586,0
DA:587,0
DA:588,0
DA:589,0
DA:590,0
DA:591,0
DA:592,0
DA:593,0
DA:594,0
DA:595,0
DA:596,0
DA:597,0
DA:598,1
DA:599,1
DA:600,1
DA:601,1
DA:602,1
DA:603,1
DA:604,0
DA:605,0
DA:606,0
DA:607,0
DA:608,0
DA:609,0
DA:610,0
DA:611,0
DA:612,0
DA:613,0
DA:614,1
DA:615,1
DA:616,1
DA:617,1
DA:618,1
DA:619,1
DA:620,16
DA:621,16
DA:622,11
DA:623,11
DA:624,11
DA:625,16
DA:626,12
DA:627,9
DA:628,9
DA:629,9
DA:630,9
DA:631,7
DA:632,7
DA:633,9
DA:634,9
DA:635,9
DA:636,9
DA:637,9
DA:638,9
DA:639,9
DA:640,1
DA:641,9
DA:642,6
DA:643,6
DA:644,6
DA:645,6
DA:646,6
DA:647,6
DA:648,6
DA:649,6
DA:650,6
DA:651,9
DA:652,9
DA:653,11
DA:654,11
DA:655,11
DA:656,1
DA:657,11
DA:658,11
DA:659,6
DA:660,6
DA:661,6
DA:662,6
DA:663,11
DA:664,4
DA:665,4
DA:666,3
DA:667,3
DA:668,3
DA:669,3
DA:670,3
DA:671,3
DA:672,3
DA:673,3
DA:674,3
DA:675,3
DA:676,3
DA:677,3
DA:678,3
DA:679,3
DA:680,4
DA:681,4
DA:682,4
DA:683,4
DA:684,4
DA:685,4
DA:686,4
DA:687,4
DA:688,4
DA:689,4
DA:690,4
DA:691,4
DA:692,4
DA:693,4
DA:694,4
DA:695,4
DA:696,4
DA:697,4
DA:698,4
DA:699,4
DA:700,4
DA:701,4
DA:702,4
DA:703,4
DA:704,3
DA:705,6
DA:706,11
DA:707,3
DA:708,3
DA:709,3
DA:710,3
DA:711,6
DA:712,6
DA:713,6
DA:714,1
DA:715,11
DA:716,11
DA:717,6
DA:718,6
DA:719,6
DA:720,11
DA:721,4
DA:722,0
DA:723,0
DA:724,4
DA:725,4
DA:726,4
DA:727,4
DA:728,3
DA:729,3
DA:730,3
DA:731,3
DA:732,3
DA:733,3
DA:734,3
DA:735,3
DA:736,3
DA:737,3
DA:738,3
DA:739,3
DA:740,3
DA:741,3
DA:742,3
DA:743,3
DA:744,3
DA:745,3
DA:746,3
DA:747,4
DA:748,6
DA:749,6
DA:750,6
DA:751,1
DA:752,7
DA:753,7
DA:754,4
DA:755,4
DA:756,4
DA:757,7
DA:758,2
DA:759,0
DA:760,0
DA:761,2
DA:762,2
DA:763,2
DA:764,2
DA:765,2
DA:766,1
DA:767,1
DA:768,1
DA:769,1
DA:770,2
DA:771,2
DA:772,2
DA:773,2
DA:774,2
DA:775,0
DA:776,0
DA:777,2
DA:778,1
DA:779,1
DA:780,1
DA:781,1
DA:782,1
DA:783,1
DA:784,1
DA:785,1
DA:786,1
DA:787,1
DA:788,1
DA:789,1
DA:790,1
DA:791,1
DA:792,2
DA:793,2
DA:794,4
DA:795,4
DA:796,4
DA:797,1
DA:798,7
DA:799,7
DA:800,4
DA:801,4
DA:802,4
DA:803,7
DA:804,3
DA:805,1
DA:806,1
DA:807,2
DA:808,2
DA:809,2
DA:810,2
DA:811,3
DA:812,1
DA:813,1
DA:814,1
DA:815,0
DA:816,0
DA:817,1
DA:818,1
DA:819,1
DA:820,1
DA:821,1
DA:822,1
DA:823,1
DA:824,1
DA:825,1
DA:826,1
DA:827,1
DA:828,1
DA:829,1
DA:830,1
DA:831,1
DA:832,1
DA:833,1
DA:834,1
DA:835,1
DA:836,1
DA:837,1
DA:838,1
DA:839,1
DA:840,2
DA:841,3
DA:842,1
DA:843,1
DA:844,1
DA:845,1
DA:846,1
DA:847,1
DA:848,1
DA:849,1
DA:850,3
DA:851,4
DA:852,4
DA:853,4
DA:854,1
DA:855,1
DA:856,1
DA:857,1
DA:858,1
DA:859,15
DA:860,15
DA:861,10
DA:862,10
DA:863,10
DA:864,10
DA:865,15
DA:866,15
DA:867,15
DA:868,15
DA:869,15
DA:870,11
DA:871,11
DA:872,11
DA:873,11
DA:874,11
DA:875,11
DA:876,11
DA:877,11
DA:878,11
DA:879,11
DA:880,11
DA:881,11
DA:882,11
DA:883,11
DA:884,11
DA:885,11
DA:886,11
DA:887,11
DA:888,10
DA:889,11
DA:890,11
DA:891,11
DA:892,11
DA:893,11
DA:894,11
DA:895,11
DA:896,11
DA:897,11
DA:898,11
DA:899,11
DA:900,11
DA:901,11
DA:902,11
DA:903,11
DA:904,11
DA:905,11
DA:906,11
DA:907,11
DA:908,11
DA:909,11
DA:910,11
DA:911,10
DA:912,15
DA:913,11
DA:914,10
DA:915,10
DA:916,11
DA:917,10
DA:918,10
DA:919,10
DA:920,1
DA:921,1
DA:922,1
DA:923,1
DA:924,1
DA:925,1
DA:926,1
DA:927,1
DA:928,1
DA:929,1
DA:930,1
LF:930
LH:658
BRDA:620,0,0,16
BRDA:621,1,0,5
BRDA:621,2,0,11
BRDA:625,3,0,12
BRDA:626,4,0,10
BRDA:626,5,0,3
BRDA:626,6,0,9
BRDA:630,7,0,8
BRDA:630,8,0,2
BRDA:630,9,0,7
BRDA:633,10,0,0
BRDA:633,11,0,7
BRDA:634,12,0,6
BRDA:634,13,0,0
BRDA:634,14,0,7
BRDA:637,15,0,7
BRDA:637,16,0,7
BRDA:637,17,0,0
BRDA:639,18,0,1
BRDA:641,19,0,6
BRDA:645,20,0,5
BRDA:645,21,0,1
BRDA:645,22,0,0
BRDA:646,23,0,1
BRDA:646,24,0,0
BRDA:652,25,0,11
BRDA:657,26,0,11
BRDA:658,27,0,5
BRDA:658,28,0,6
BRDA:663,29,0,4
BRDA:664,30,0,3
BRDA:664,31,0,1
BRDA:664,32,0,3
BRDA:665,33,0,0
BRDA:665,34,0,3
BRDA:671,35,0,0
BRDA:682,36,0,0
BRDA:684,37,0,0
BRDA:685,38,0,0
BRDA:688,39,0,0
BRDA:692,40,0,0
BRDA:695,41,0,0
BRDA:695,42,0,0
BRDA:696,43,0,0
BRDA:696,44,0,0
BRDA:703,45,0,3
BRDA:704,46,0,6
BRDA:706,47,0,3
BRDA:710,48,0,6
BRDA:715,49,0,11
BRDA:716,50,0,5
BRDA:716,51,0,6
BRDA:720,52,0,4
BRDA:721,53,0,0
BRDA:725,54,0,1
BRDA:725,55,0,3
BRDA:727,56,0,3
BRDA:730,57,0,0
BRDA:734,58,0,0
BRDA:742,59,0,0
BRDA:744,60,0,1
BRDA:747,61,0,6
BRDA:752,62,0,7
BRDA:753,63,0,3
BRDA:753,64,0,4
BRDA:757,65,0,2
BRDA:758,66,0,0
BRDA:765,67,0,1
BRDA:770,68,0,0
BRDA:770,69,0,1
BRDA:771,70,0,0
BRDA:771,71,0,1
BRDA:774,72,0,0
BRDA:777,73,0,1
BRDA:780,74,0,0
BRDA:786,75,0,0
BRDA:786,76,0,0
BRDA:787,77,0,0
BRDA:793,78,0,4
BRDA:798,79,0,7
BRDA:799,80,0,3
BRDA:799,81,0,4
BRDA:803,82,0,3
BRDA:804,83,0,2
BRDA:804,84,0,1
BRDA:806,85,0,2
BRDA:811,86,0,1
BRDA:814,87,0,0
BRDA:818,88,0,0
BRDA:819,89,0,0
BRDA:824,90,0,0
BRDA:832,91,0,0
BRDA:832,92,0,0
BRDA:833,93,0,0
BRDA:839,94,0,2
BRDA:841,95,0,1
BRDA:850,96,0,4
BRDA:859,97,0,15
BRDA:860,98,0,5
BRDA:860,99,0,10
BRDA:865,100,0,15
BRDA:866,101,0,0
BRDA:867,102,0,0
BRDA:869,103,0,4
BRDA:869,104,0,11
BRDA:875,105,0,0
BRDA:887,106,0,1
BRDA:887,107,0,10
BRDA:889,108,0,0
BRDA:889,109,0,10
BRDA:890,110,0,0
BRDA:890,111,0,10
BRDA:893,112,0,10
BRDA:893,113,0,10
BRDA:893,114,0,0
BRDA:897,115,0,10
BRDA:897,116,0,0
BRDA:900,117,0,10
BRDA:900,118,0,0
BRDA:900,119,0,0
BRDA:901,120,0,0
BRDA:901,121,0,0
BRDA:910,122,0,10
BRDA:912,123,0,11
BRDA:913,124,0,10
BRDA:916,125,0,10
BRF:126
BRH:80
end_of_record
TN:
SF:src\main\sync-orchestrator.js
FN:19,extractOrderId
FN:35,performSync
FNF:2
FNH:2
FNDA:7,extractOrderId
FNDA:12,performSync
DA:1,1
DA:2,1
DA:3,1
DA:4,1
DA:5,1
DA:6,1
DA:7,1
DA:8,1
DA:9,1
DA:10,1
DA:11,1
DA:12,1
DA:13,1
DA:14,1
DA:15,1
DA:16,1
DA:17,1
DA:18,1
DA:19,7
DA:20,7
DA:21,5
DA:22,7
DA:23,7
DA:24,1
DA:25,1
DA:26,1
DA:27,1
DA:28,1
DA:29,1
DA:30,1
DA:31,1
DA:32,1
DA:33,1
DA:34,1
DA:35,12
DA:36,12
DA:37,0
DA:38,0
DA:39,12
DA:40,12
DA:41,12
DA:42,12
DA:43,12
DA:44,12
DA:45,12
DA:46,12
DA:47,12
DA:48,12
DA:49,12
DA:50,12
DA:51,12
DA:52,12
DA:53,12
DA:54,11
DA:55,11
DA:56,11
DA:57,11
DA:58,11
DA:59,11
DA:60,11
DA:61,11
DA:62,11
DA:63,11
DA:64,11
DA:65,11
DA:66,12
DA:67,2
DA:68,1
DA:69,1
DA:70,1
DA:71,1
DA:72,1
DA:73,1
DA:74,1
DA:75,1
DA:76,1
DA:77,11
DA:78,11
DA:79,11
DA:80,11
DA:81,11
DA:82,11
DA:83,11
DA:84,11
DA:85,11
DA:86,11
DA:87,10
DA:88,10
DA:89,12
DA:90,3
DA:91,3
DA:92,3
DA:93,3
DA:94,3
DA:95,3
DA:96,3
DA:97,3
DA:98,3
DA:99,3
DA:100,3
DA:101,3
DA:102,3
DA:103,12
DA:104,1
DA:105,1
DA:106,1
DA:107,1
DA:108,11
DA:109,11
DA:110,11
DA:111,12
DA:112,1
DA:113,1
DA:114,1
DA:115,11
DA:116,11
DA:117,12
DA:118,2
DA:119,2
DA:120,11
DA:121,11
DA:122,11
DA:123,11
DA:124,11
DA:125,10
DA:126,10
DA:127,10
DA:128,10
DA:129,10
DA:130,10
DA:131,10
DA:132,10
DA:133,10
DA:134,10
DA:135,10
DA:136,10
DA:137,12
DA:138,12
DA:139,3
DA:140,3
DA:141,3
DA:142,3
DA:143,0
DA:144,12
DA:145,12
DA:146,12
DA:147,3
DA:148,12
DA:149,12
DA:150,12
DA:151,12
DA:152,12
DA:153,12
DA:154,12
DA:155,12
DA:156,12
DA:157,12
DA:158,12
DA:159,12
DA:160,12
DA:161,1
DA:162,1
DA:163,1
DA:164,1
DA:165,1
LF:165
LH:162
BRDA:19,0,0,7
BRDA:20,1,0,2
BRDA:20,2,0,5
BRDA:22,3,0,2
BRDA:22,4,0,3
BRDA:35,5,0,12
BRDA:36,6,0,0
BRDA:53,7,0,11
BRDA:66,8,0,2
BRDA:67,9,0,1
BRDA:76,10,0,11
BRDA:86,11,0,10
BRDA:89,12,0,3
BRDA:96,13,0,0
BRDA:103,14,0,1
BRDA:106,15,0,0
BRDA:107,16,0,11
BRDA:111,17,0,1
BRDA:114,18,0,11
BRDA:117,19,0,2
BRDA:119,20,0,11
BRDA:124,21,0,10
BRDA:137,22,0,1
BRDA:137,23,0,9
BRDA:147,24,0,3
BRDA:148,25,0,7
BRDA:138,26,0,3
BRDA:143,27,0,0
BRF:28
BRH:24
end_of_record
